2023-10-06T12:02:05.177+05:30  INFO 19072 --- [restartedMain] c.u.sankar.SpringbackApplication         : Starting SpringbackApplication using Java 17.0.6 with PID 19072 (E:\sankar\target\classes started by sanja in E:\sankar)
2023-10-06T12:02:05.184+05:30  INFO 19072 --- [restartedMain] c.u.sankar.SpringbackApplication         : No active profile set, falling back to 1 default profile: "default"
2023-10-06T12:02:05.268+05:30  INFO 19072 --- [restartedMain] .e.DevToolsPropertyDefaultsPostProcessor : Devtools property defaults active! Set 'spring.devtools.add-properties' to 'false' to disable
2023-10-06T12:02:05.268+05:30  INFO 19072 --- [restartedMain] .e.DevToolsPropertyDefaultsPostProcessor : For additional web related logging consider setting the 'logging.level.web' property to 'DEBUG'
2023-10-06T12:02:07.137+05:30  INFO 19072 --- [restartedMain] .s.d.r.c.RepositoryConfigurationDelegate : Bootstrapping Spring Data JPA repositories in DEFAULT mode.
2023-10-06T12:02:07.248+05:30  INFO 19072 --- [restartedMain] .s.d.r.c.RepositoryConfigurationDelegate : Finished Spring Data repository scanning in 95 ms. Found 3 JPA repository interfaces.
2023-10-06T12:02:08.425+05:30  INFO 19072 --- [restartedMain] o.s.b.w.embedded.tomcat.TomcatWebServer  : Tomcat initialized with port(s): 8181 (http)
2023-10-06T12:02:08.428+05:30  INFO 19072 --- [restartedMain] o.a.catalina.core.AprLifecycleListener   : An older version [2.0.2] of the Apache Tomcat Native library is installed, while Tomcat recommends a minimum version of [2.0.5]
2023-10-06T12:02:08.428+05:30  INFO 19072 --- [restartedMain] o.a.catalina.core.AprLifecycleListener   : Loaded Apache Tomcat Native library [2.0.2] using APR version [1.7.0].
2023-10-06T12:02:08.437+05:30  INFO 19072 --- [restartedMain] o.a.catalina.core.AprLifecycleListener   : OpenSSL successfully initialized [OpenSSL 3.0.7 1 Nov 2022]
2023-10-06T12:02:08.454+05:30  INFO 19072 --- [restartedMain] o.apache.catalina.core.StandardService   : Starting service [Tomcat]
2023-10-06T12:02:08.455+05:30  INFO 19072 --- [restartedMain] o.apache.catalina.core.StandardEngine    : Starting Servlet engine: [Apache Tomcat/10.1.13]
2023-10-06T12:02:08.593+05:30  INFO 19072 --- [restartedMain] o.a.c.c.C.[Tomcat].[localhost].[/]       : Initializing Spring embedded WebApplicationContext
2023-10-06T12:02:08.595+05:30  INFO 19072 --- [restartedMain] w.s.c.ServletWebServerApplicationContext : Root WebApplicationContext: initialization completed in 3325 ms
2023-10-06T12:02:09.022+05:30  INFO 19072 --- [restartedMain] o.hibernate.jpa.internal.util.LogHelper  : HHH000204: Processing PersistenceUnitInfo [name: default]
2023-10-06T12:02:09.139+05:30  INFO 19072 --- [restartedMain] org.hibernate.Version                    : HHH000412: Hibernate ORM core version 6.2.9.Final
2023-10-06T12:02:09.145+05:30  INFO 19072 --- [restartedMain] org.hibernate.cfg.Environment            : HHH000406: Using bytecode reflection optimizer
2023-10-06T12:02:09.449+05:30  INFO 19072 --- [restartedMain] o.h.b.i.BytecodeProviderInitiator        : HHH000021: Bytecode provider name : bytebuddy
2023-10-06T12:02:09.721+05:30  INFO 19072 --- [restartedMain] o.s.o.j.p.SpringPersistenceUnitInfo      : No LoadTimeWeaver setup: ignoring JPA class transformer
2023-10-06T12:02:09.766+05:30  INFO 19072 --- [restartedMain] com.zaxxer.hikari.HikariDataSource       : HikariPool-1 - Starting...
2023-10-06T12:02:10.335+05:30  INFO 19072 --- [restartedMain] com.zaxxer.hikari.pool.HikariPool        : HikariPool-1 - Added connection com.mysql.cj.jdbc.ConnectionImpl@5f0573f5
2023-10-06T12:02:10.339+05:30  INFO 19072 --- [restartedMain] com.zaxxer.hikari.HikariDataSource       : HikariPool-1 - Start completed.
2023-10-06T12:02:10.434+05:30  WARN 19072 --- [restartedMain] org.hibernate.orm.deprecation            : HHH90000026: MySQL8Dialect has been deprecated; use org.hibernate.dialect.MySQLDialect instead
2023-10-06T12:02:10.818+05:30  INFO 19072 --- [restartedMain] o.h.b.i.BytecodeProviderInitiator        : HHH000021: Bytecode provider name : bytebuddy
2023-10-06T12:02:12.041+05:30  INFO 19072 --- [restartedMain] o.h.e.t.j.p.i.JtaPlatformInitiator       : HHH000490: Using JtaPlatform implementation: [org.hibernate.engine.transaction.jta.platform.internal.NoJtaPlatform]
2023-10-06T12:02:12.191+05:30  INFO 19072 --- [restartedMain] j.LocalContainerEntityManagerFactoryBean : Initialized JPA EntityManagerFactory for persistence unit 'default'
2023-10-06T12:02:13.226+05:30  WARN 19072 --- [restartedMain] JpaBaseConfiguration$JpaWebConfiguration : spring.jpa.open-in-view is enabled by default. Therefore, database queries may be performed during view rendering. Explicitly configure spring.jpa.open-in-view to disable this warning
2023-10-06T12:02:14.003+05:30  INFO 19072 --- [restartedMain] o.s.b.a.e.web.EndpointLinksResolver      : Exposing 1 endpoint(s) beneath base path '/actuator'
2023-10-06T12:02:14.128+05:30 DEBUG 19072 --- [restartedMain] edFilterInvocationSecurityMetadataSource : Adding web access control expression [permitAll] for Mvc [pattern='/api/v1/authenticate/**']
2023-10-06T12:02:14.130+05:30 DEBUG 19072 --- [restartedMain] edFilterInvocationSecurityMetadataSource : Adding web access control expression [authenticated] for any request
2023-10-06T12:02:14.145+05:30  INFO 19072 --- [restartedMain] o.s.s.web.DefaultSecurityFilterChain     : Will secure any request with [org.springframework.security.web.session.DisableEncodeUrlFilter@70003f6e, org.springframework.security.web.context.request.async.WebAsyncManagerIntegrationFilter@5fd62f91, org.springframework.security.web.context.SecurityContextHolderFilter@29996110, org.springframework.security.web.header.HeaderWriterFilter@27868acf, org.springframework.security.web.authentication.logout.LogoutFilter@4d3ba8cc, com.uppermoons.sankar.config.JwtAuthenticationFilter@790465c8, org.springframework.security.web.savedrequest.RequestCacheAwareFilter@4fcd03ce, org.springframework.security.web.servletapi.SecurityContextHolderAwareRequestFilter@7eeb2ee, org.springframework.security.web.authentication.AnonymousAuthenticationFilter@5bf91aa1, org.springframework.security.web.session.SessionManagementFilter@4753847e, org.springframework.security.web.access.ExceptionTranslationFilter@1f15ce0b, org.springframework.security.web.access.intercept.FilterSecurityInterceptor@5dafb480]
2023-10-06T12:02:14.946+05:30  WARN 19072 --- [restartedMain] o.s.b.d.a.OptionalLiveReloadServer       : Unable to start LiveReload server
2023-10-06T12:02:15.100+05:30  WARN 19072 --- [restartedMain] ConfigServletWebServerApplicationContext : Exception encountered during context initialization - cancelling refresh attempt: org.springframework.context.ApplicationContextException: Failed to start bean 'webServerStartStop'
2023-10-06T12:02:15.110+05:30  INFO 19072 --- [restartedMain] j.LocalContainerEntityManagerFactoryBean : Closing JPA EntityManagerFactory for persistence unit 'default'
2023-10-06T12:02:15.157+05:30  INFO 19072 --- [restartedMain] com.zaxxer.hikari.HikariDataSource       : HikariPool-1 - Shutdown initiated...
2023-10-06T12:02:15.177+05:30  INFO 19072 --- [restartedMain] com.zaxxer.hikari.HikariDataSource       : HikariPool-1 - Shutdown completed.
2023-10-06T12:02:15.181+05:30  INFO 19072 --- [restartedMain] o.apache.catalina.core.StandardService   : Stopping service [Tomcat]
2023-10-06T12:02:15.217+05:30  INFO 19072 --- [restartedMain] .s.b.a.l.ConditionEvaluationReportLogger : 

Error starting ApplicationContext. To display the condition evaluation report re-run your application with 'debug' enabled.
2023-10-06T12:02:15.251+05:30 ERROR 19072 --- [restartedMain] o.s.b.d.LoggingFailureAnalysisReporter   : 

***************************
APPLICATION FAILED TO START
***************************

Description:

Web server failed to start. Port 8181 was already in use.

Action:

Identify and stop the process that's listening on port 8181 or configure this application to listen on another port.

2023-10-06T12:02:56.309+05:30  INFO 19852 --- [restartedMain] c.u.sankar.SpringbackApplication         : Starting SpringbackApplication using Java 17.0.6 with PID 19852 (E:\sankar\target\classes started by sanja in E:\sankar)
2023-10-06T12:02:56.313+05:30  INFO 19852 --- [restartedMain] c.u.sankar.SpringbackApplication         : No active profile set, falling back to 1 default profile: "default"
2023-10-06T12:02:56.397+05:30  INFO 19852 --- [restartedMain] .e.DevToolsPropertyDefaultsPostProcessor : Devtools property defaults active! Set 'spring.devtools.add-properties' to 'false' to disable
2023-10-06T12:02:56.398+05:30  INFO 19852 --- [restartedMain] .e.DevToolsPropertyDefaultsPostProcessor : For additional web related logging consider setting the 'logging.level.web' property to 'DEBUG'
2023-10-06T12:02:58.008+05:30  INFO 19852 --- [restartedMain] .s.d.r.c.RepositoryConfigurationDelegate : Bootstrapping Spring Data JPA repositories in DEFAULT mode.
2023-10-06T12:02:58.113+05:30  INFO 19852 --- [restartedMain] .s.d.r.c.RepositoryConfigurationDelegate : Finished Spring Data repository scanning in 91 ms. Found 3 JPA repository interfaces.
2023-10-06T12:02:59.136+05:30  INFO 19852 --- [restartedMain] o.s.b.w.embedded.tomcat.TomcatWebServer  : Tomcat initialized with port(s): 8181 (http)
2023-10-06T12:02:59.139+05:30  INFO 19852 --- [restartedMain] o.a.catalina.core.AprLifecycleListener   : An older version [2.0.2] of the Apache Tomcat Native library is installed, while Tomcat recommends a minimum version of [2.0.5]
2023-10-06T12:02:59.140+05:30  INFO 19852 --- [restartedMain] o.a.catalina.core.AprLifecycleListener   : Loaded Apache Tomcat Native library [2.0.2] using APR version [1.7.0].
2023-10-06T12:02:59.147+05:30  INFO 19852 --- [restartedMain] o.a.catalina.core.AprLifecycleListener   : OpenSSL successfully initialized [OpenSSL 3.0.7 1 Nov 2022]
2023-10-06T12:02:59.163+05:30  INFO 19852 --- [restartedMain] o.apache.catalina.core.StandardService   : Starting service [Tomcat]
2023-10-06T12:02:59.163+05:30  INFO 19852 --- [restartedMain] o.apache.catalina.core.StandardEngine    : Starting Servlet engine: [Apache Tomcat/10.1.13]
2023-10-06T12:02:59.277+05:30  INFO 19852 --- [restartedMain] o.a.c.c.C.[Tomcat].[localhost].[/]       : Initializing Spring embedded WebApplicationContext
2023-10-06T12:02:59.277+05:30  INFO 19852 --- [restartedMain] w.s.c.ServletWebServerApplicationContext : Root WebApplicationContext: initialization completed in 2878 ms
2023-10-06T12:02:59.684+05:30  INFO 19852 --- [restartedMain] o.hibernate.jpa.internal.util.LogHelper  : HHH000204: Processing PersistenceUnitInfo [name: default]
2023-10-06T12:02:59.768+05:30  INFO 19852 --- [restartedMain] org.hibernate.Version                    : HHH000412: Hibernate ORM core version 6.2.9.Final
2023-10-06T12:02:59.774+05:30  INFO 19852 --- [restartedMain] org.hibernate.cfg.Environment            : HHH000406: Using bytecode reflection optimizer
2023-10-06T12:02:59.968+05:30  INFO 19852 --- [restartedMain] o.h.b.i.BytecodeProviderInitiator        : HHH000021: Bytecode provider name : bytebuddy
2023-10-06T12:03:00.179+05:30  INFO 19852 --- [restartedMain] o.s.o.j.p.SpringPersistenceUnitInfo      : No LoadTimeWeaver setup: ignoring JPA class transformer
2023-10-06T12:03:00.207+05:30  INFO 19852 --- [restartedMain] com.zaxxer.hikari.HikariDataSource       : HikariPool-1 - Starting...
2023-10-06T12:03:00.690+05:30  INFO 19852 --- [restartedMain] com.zaxxer.hikari.pool.HikariPool        : HikariPool-1 - Added connection com.mysql.cj.jdbc.ConnectionImpl@4d6170d6
2023-10-06T12:03:00.696+05:30  INFO 19852 --- [restartedMain] com.zaxxer.hikari.HikariDataSource       : HikariPool-1 - Start completed.
2023-10-06T12:03:00.789+05:30  WARN 19852 --- [restartedMain] org.hibernate.orm.deprecation            : HHH90000026: MySQL8Dialect has been deprecated; use org.hibernate.dialect.MySQLDialect instead
2023-10-06T12:03:01.120+05:30  INFO 19852 --- [restartedMain] o.h.b.i.BytecodeProviderInitiator        : HHH000021: Bytecode provider name : bytebuddy
2023-10-06T12:03:02.055+05:30  INFO 19852 --- [restartedMain] o.h.e.t.j.p.i.JtaPlatformInitiator       : HHH000490: Using JtaPlatform implementation: [org.hibernate.engine.transaction.jta.platform.internal.NoJtaPlatform]
2023-10-06T12:03:02.185+05:30  INFO 19852 --- [restartedMain] j.LocalContainerEntityManagerFactoryBean : Initialized JPA EntityManagerFactory for persistence unit 'default'
2023-10-06T12:03:03.090+05:30  WARN 19852 --- [restartedMain] JpaBaseConfiguration$JpaWebConfiguration : spring.jpa.open-in-view is enabled by default. Therefore, database queries may be performed during view rendering. Explicitly configure spring.jpa.open-in-view to disable this warning
2023-10-06T12:03:03.841+05:30  INFO 19852 --- [restartedMain] o.s.b.a.e.web.EndpointLinksResolver      : Exposing 1 endpoint(s) beneath base path '/actuator'
2023-10-06T12:03:03.959+05:30 DEBUG 19852 --- [restartedMain] edFilterInvocationSecurityMetadataSource : Adding web access control expression [permitAll] for Mvc [pattern='/api/v1/authenticate/**']
2023-10-06T12:03:03.960+05:30 DEBUG 19852 --- [restartedMain] edFilterInvocationSecurityMetadataSource : Adding web access control expression [authenticated] for any request
2023-10-06T12:03:03.974+05:30  INFO 19852 --- [restartedMain] o.s.s.web.DefaultSecurityFilterChain     : Will secure any request with [org.springframework.security.web.session.DisableEncodeUrlFilter@6fadf861, org.springframework.security.web.context.request.async.WebAsyncManagerIntegrationFilter@6db8a923, org.springframework.security.web.context.SecurityContextHolderFilter@651d64bb, org.springframework.security.web.header.HeaderWriterFilter@1d5063c3, org.springframework.security.web.authentication.logout.LogoutFilter@62f7c187, com.uppermoons.sankar.config.JwtAuthenticationFilter@a8ec00e, org.springframework.security.web.savedrequest.RequestCacheAwareFilter@58036140, org.springframework.security.web.servletapi.SecurityContextHolderAwareRequestFilter@1d8b71e5, org.springframework.security.web.authentication.AnonymousAuthenticationFilter@7c110a0d, org.springframework.security.web.session.SessionManagementFilter@1330520b, org.springframework.security.web.access.ExceptionTranslationFilter@2edb0351, org.springframework.security.web.access.intercept.FilterSecurityInterceptor@428d0e38]
2023-10-06T12:03:04.595+05:30  INFO 19852 --- [restartedMain] o.s.b.d.a.OptionalLiveReloadServer       : LiveReload server is running on port 35729
2023-10-06T12:03:04.728+05:30  INFO 19852 --- [restartedMain] o.s.b.w.embedded.tomcat.TomcatWebServer  : Tomcat started on port(s): 8181 (http) with context path ''
2023-10-06T12:03:04.754+05:30  INFO 19852 --- [restartedMain] c.u.sankar.SpringbackApplication         : Started SpringbackApplication in 9.04 seconds (process running for 10.352)
2023-10-06T12:03:05.696+05:30  INFO 19852 --- [RMI TCP Connection(10)-127.0.0.1] o.a.c.c.C.[Tomcat].[localhost].[/]       : Initializing Spring DispatcherServlet 'dispatcherServlet'
2023-10-06T12:03:05.697+05:30  INFO 19852 --- [RMI TCP Connection(10)-127.0.0.1] o.s.web.servlet.DispatcherServlet        : Initializing Servlet 'dispatcherServlet'
2023-10-06T12:03:05.701+05:30  INFO 19852 --- [RMI TCP Connection(10)-127.0.0.1] o.s.web.servlet.DispatcherServlet        : Completed initialization in 4 ms
2023-10-06T12:03:12.408+05:30 DEBUG 19852 --- [http-nio-8181-exec-1] o.s.security.web.FilterChainProxy        : Securing POST /api/v1/authenticate/register
2023-10-06T12:03:12.431+05:30 DEBUG 19852 --- [http-nio-8181-exec-1] o.s.s.w.a.AnonymousAuthenticationFilter  : Set SecurityContextHolder to anonymous SecurityContext
2023-10-06T12:03:12.446+05:30 DEBUG 19852 --- [http-nio-8181-exec-1] o.s.s.w.a.i.FilterSecurityInterceptor    : Authorized filter invocation [POST /api/v1/authenticate/register] with attributes [permitAll]
2023-10-06T12:03:12.453+05:30 DEBUG 19852 --- [http-nio-8181-exec-1] o.s.security.web.FilterChainProxy        : Secured POST /api/v1/authenticate/register
2023-10-06T12:03:34.263+05:30 DEBUG 19852 --- [http-nio-8181-exec-3] o.s.security.web.FilterChainProxy        : Securing POST /api/v1/authenticate/login
2023-10-06T12:03:34.265+05:30 DEBUG 19852 --- [http-nio-8181-exec-3] o.s.s.w.a.AnonymousAuthenticationFilter  : Set SecurityContextHolder to anonymous SecurityContext
2023-10-06T12:03:34.267+05:30 DEBUG 19852 --- [http-nio-8181-exec-3] o.s.s.w.a.i.FilterSecurityInterceptor    : Authorized filter invocation [POST /api/v1/authenticate/login] with attributes [permitAll]
2023-10-06T12:03:34.270+05:30 DEBUG 19852 --- [http-nio-8181-exec-3] o.s.security.web.FilterChainProxy        : Secured POST /api/v1/authenticate/login
2023-10-06T12:03:34.881+05:30 DEBUG 19852 --- [http-nio-8181-exec-3] o.s.s.a.dao.DaoAuthenticationProvider    : Authenticated user
2023-10-06T12:04:05.835+05:30 DEBUG 19852 --- [http-nio-8181-exec-4] o.s.security.web.FilterChainProxy        : Securing POST /api/v1/Campaign/create
2023-10-06T12:04:05.933+05:30 DEBUG 19852 --- [http-nio-8181-exec-4] o.s.s.w.a.i.FilterSecurityInterceptor    : Authorized filter invocation [POST /api/v1/Campaign/create] with attributes [authenticated]
2023-10-06T12:04:05.934+05:30 DEBUG 19852 --- [http-nio-8181-exec-4] o.s.security.web.FilterChainProxy        : Secured POST /api/v1/Campaign/create
2023-10-06T12:04:28.850+05:30 DEBUG 19852 --- [http-nio-8181-exec-5] o.s.security.web.FilterChainProxy        : Securing GET /api/v1/Campaign/get
2023-10-06T12:04:28.872+05:30 DEBUG 19852 --- [http-nio-8181-exec-5] o.s.s.w.a.i.FilterSecurityInterceptor    : Authorized filter invocation [GET /api/v1/Campaign/get] with attributes [authenticated]
2023-10-06T12:04:28.872+05:30 DEBUG 19852 --- [http-nio-8181-exec-5] o.s.security.web.FilterChainProxy        : Secured GET /api/v1/Campaign/get
2023-10-06T13:40:53.238+05:30  WARN 19852 --- [HikariPool-1 housekeeper] com.zaxxer.hikari.pool.HikariPool        : HikariPool-1 - Thread starvation or clock leap detected (housekeeper delta=42m51s667ms903µs900ns).
2023-10-06T14:09:03.862+05:30  WARN 19852 --- [HikariPool-1 housekeeper] com.zaxxer.hikari.pool.HikariPool        : HikariPool-1 - Thread starvation or clock leap detected (housekeeper delta=1m40s273ms162µs700ns).
2023-10-06T14:15:38.597+05:30  WARN 19852 --- [HikariPool-1 housekeeper] com.zaxxer.hikari.pool.HikariPool        : HikariPool-1 - Thread starvation or clock leap detected (housekeeper delta=2m4s644ms244µs400ns).
2023-10-06T14:35:58.564+05:30  WARN 19852 --- [HikariPool-1 housekeeper] com.zaxxer.hikari.pool.HikariPool        : HikariPool-1 - Thread starvation or clock leap detected (housekeeper delta=16m19s881ms722µs600ns).
2023-10-06T14:44:52.635+05:30  INFO 19852 --- [RMI TCP Connection(119)-127.0.0.1] inMXBeanRegistrar$SpringApplicationAdmin : Application shutdown requested.
2023-10-06T14:44:52.664+05:30  INFO 19852 --- [RMI TCP Connection(119)-127.0.0.1] o.apache.catalina.core.StandardService   : Stopping service [Tomcat]
2023-10-06T14:44:52.673+05:30  INFO 19852 --- [RMI TCP Connection(119)-127.0.0.1] o.a.c.c.C.[Tomcat].[localhost].[/]       : Destroying Spring FrameworkServlet 'dispatcherServlet'
2023-10-06T14:44:52.680+05:30  WARN 19852 --- [RMI TCP Connection(119)-127.0.0.1] o.a.c.loader.WebappClassLoaderBase       : The web application [ROOT] appears to have started a thread named [HikariPool-1 housekeeper] but has failed to stop it. This is very likely to create a memory leak. Stack trace of thread:
 java.base@17.0.6/jdk.internal.misc.Unsafe.park(Native Method)
 java.base@17.0.6/java.util.concurrent.locks.LockSupport.parkNanos(LockSupport.java:252)
 java.base@17.0.6/java.util.concurrent.locks.AbstractQueuedSynchronizer$ConditionObject.awaitNanos(AbstractQueuedSynchronizer.java:1672)
 java.base@17.0.6/java.util.concurrent.ScheduledThreadPoolExecutor$DelayedWorkQueue.take(ScheduledThreadPoolExecutor.java:1182)
 java.base@17.0.6/java.util.concurrent.ScheduledThreadPoolExecutor$DelayedWorkQueue.take(ScheduledThreadPoolExecutor.java:899)
 java.base@17.0.6/java.util.concurrent.ThreadPoolExecutor.getTask(ThreadPoolExecutor.java:1062)
 java.base@17.0.6/java.util.concurrent.ThreadPoolExecutor.runWorker(ThreadPoolExecutor.java:1122)
 java.base@17.0.6/java.util.concurrent.ThreadPoolExecutor$Worker.run(ThreadPoolExecutor.java:635)
 java.base@17.0.6/java.lang.Thread.run(Thread.java:833)
2023-10-06T14:44:52.700+05:30  INFO 19852 --- [RMI TCP Connection(119)-127.0.0.1] j.LocalContainerEntityManagerFactoryBean : Closing JPA EntityManagerFactory for persistence unit 'default'
2023-10-06T14:44:52.768+05:30  INFO 19852 --- [RMI TCP Connection(119)-127.0.0.1] com.zaxxer.hikari.HikariDataSource       : HikariPool-1 - Shutdown initiated...
2023-10-06T14:44:52.774+05:30  INFO 19852 --- [RMI TCP Connection(119)-127.0.0.1] com.zaxxer.hikari.HikariDataSource       : HikariPool-1 - Shutdown completed.
